
6월 11, 2020 01:02:03.77 NEW SESSION
6월 11, 2020 01:02:03.78 [15912:12472:0611/010203.764:ERROR:socket_stream.cc(218)] Closing stream with result -2

6월 11, 2020 11:52:34.02 NEW SESSION
6월 11, 2020 11:52:34.02 [14784:7864:0611/115234.020:ERROR:get_updates_processor.cc(258)] PostClientToServerMessage() failed during GetUpdates with error 2
6월 11, 2020 11:54:02.15 [14784:7864:0611/115402.156:ERROR:get_updates_processor.cc(258)] PostClientToServerMessage() failed during GetUpdates with error 2
6월 11, 2020 11:56:39.78 [14784:8460:0611/115639.788:ERROR:connection_factory_impl.cc(420)] Failed to connect to MCS endpoint with error -106
6월 11, 2020 11:57:07.37 [14784:8460:0611/115707.370:ERROR:connection_factory_impl.cc(420)] Failed to connect to MCS endpoint with error -106
6월 11, 2020 11:57:07.39 [14784:7864:0611/115707.372:ERROR:get_updates_processor.cc(258)] PostClientToServerMessage() failed during GetUpdates with error 2
6월 11, 2020 11:57:09.16 [14784:7864:0611/115709.160:ERROR:get_updates_processor.cc(258)] PostClientToServerMessage() failed during GetUpdates with error 2
6월 11, 2020 11:57:13.78 [14784:7864:0611/115713.787:ERROR:get_updates_processor.cc(258)] PostClientToServerMessage() failed during GetUpdates with error 2

6월 11, 2020 18:56:49.30 NEW SESSION
6월 11, 2020 18:56:49.30 [9008:2604:0611/185649.298:ERROR:backend_impl.cc(1041)] Critical error found -8

6월 16, 2020 19:53:52.56 NEW SESSION
6월 16, 2020 19:53:52.56 [15720:11828:0616/195352.550:ERROR:connection_factory_impl.cc(420)] Failed to connect to MCS endpoint with error -106
6월 16, 2020 19:53:52.58 [15720:11828:0616/195352.550:ERROR:connection_factory_impl.cc(420)] Failed to connect to MCS endpoint with error -106
6월 16, 2020 19:54:14.75 [15720:11828:0616/195414.759:ERROR:connection_factory_impl.cc(420)] Failed to connect to MCS endpoint with error -106
6월 16, 2020 19:54:21.55 [15720:11828:0616/195421.555:ERROR:connection_factory_impl.cc(420)] Failed to connect to MCS endpoint with error -106

6월 17, 2020 13:58:49.02 NEW SESSION
6월 17, 2020 13:58:49.02 [14172:3720:0617/135849.022:ERROR:socket_stream.cc(218)] Closing stream with result -2
6월 17, 2020 14:04:47.30 [14172:4620:0617/140447.307:ERROR:backend_impl.cc(1041)] Critical error found -8

6월 18, 2020 19:05:38.18 NEW SESSION
6월 18, 2020 19:05:38.18 [6876:3492:0618/190538.148:ERROR:socket_stream.cc(218)] Closing stream with result -2

6월 23, 2020 20:09:35.27 NEW SESSION
6월 23, 2020 20:09:35.27 [8980:20120:0623/200935.267:ERROR:CONSOLE(7)] "Protocol Error: Attempted to dispatch an unspecified method 'Page.downloadProgress': {"method":"Page.downloadProgress","params":{"guid":"edd096aa-3f7f-4de9-9c46-269a8e19ec58","totalBytes":207768,"receivedBytes":0,"state":"inProgress"}}", source: devtools://devtools/bundled/protocol_client/protocol_client.js (7)
6월 23, 2020 20:09:35.34 [8980:20120:0623/200935.345:ERROR:CONSOLE(7)] "Protocol Error: Attempted to dispatch an unspecified method 'Page.downloadProgress': {"method":"Page.downloadProgress","params":{"guid":"edd096aa-3f7f-4de9-9c46-269a8e19ec58","totalBytes":207768,"receivedBytes":0,"state":"inProgress"}}", source: devtools://devtools/bundled/protocol_client/protocol_client.js (7)
6월 23, 2020 20:09:35.37 [8980:20120:0623/200935.357:ERROR:CONSOLE(7)] "Protocol Error: Attempted to dispatch an unspecified method 'Page.downloadProgress': {"method":"Page.downloadProgress","params":{"guid":"edd096aa-3f7f-4de9-9c46-269a8e19ec58","totalBytes":207768,"receivedBytes":207768,"state":"inProgress"}}", source: devtools://devtools/bundled/protocol_client/protocol_client.js (7)
6월 23, 2020 20:09:35.41 [8980:20120:0623/200935.357:ERROR:CONSOLE(7)] "Protocol Error: Attempted to dispatch an unspecified method 'Page.downloadProgress': {"method":"Page.downloadProgress","params":{"guid":"edd096aa-3f7f-4de9-9c46-269a8e19ec58","totalBytes":207768,"receivedBytes":207768,"state":"inProgress"}}", source: devtools://devtools/bundled/protocol_client/protocol_client.js (7)
6월 23, 2020 20:09:35.45 [8980:20120:0623/200935.360:ERROR:CONSOLE(7)] "Protocol Error: Attempted to dispatch an unspecified method 'Page.downloadProgress': {"method":"Page.downloadProgress","params":{"guid":"edd096aa-3f7f-4de9-9c46-269a8e19ec58","totalBytes":207768,"receivedBytes":207768,"state":"inProgress"}}", source: devtools://devtools/bundled/protocol_client/protocol_client.js (7)
6월 23, 2020 20:09:35.83 [8980:20120:0623/200935.835:ERROR:CONSOLE(7)] "Protocol Error: Attempted to dispatch an unspecified method 'Page.downloadProgress': {"method":"Page.downloadProgress","params":{"guid":"edd096aa-3f7f-4de9-9c46-269a8e19ec58","totalBytes":207768,"receivedBytes":207768,"state":"inProgress"}}", source: devtools://devtools/bundled/protocol_client/protocol_client.js (7)
6월 23, 2020 20:09:36.96 [8980:20120:0623/200936.963:ERROR:CONSOLE(7)] "Protocol Error: Attempted to dispatch an unspecified method 'Page.downloadProgress': {"method":"Page.downloadProgress","params":{"guid":"edd096aa-3f7f-4de9-9c46-269a8e19ec58","totalBytes":207768,"receivedBytes":207768,"state":"completed"}}", source: devtools://devtools/bundled/protocol_client/protocol_client.js (7)
